OTUS - OTUS - 2025-10-02 05:25:46 - Host: bx24.vlc.ru - UNCAUGHT_EXCEPTION - [Error] 
OTUS - Access to undeclared static property Events\CrmHandler::$handlerDisallow (0)
OTUS - /var/www/html/bx-site/local/app/Events/CrmHandler.php:35
OTUS - #0: Events\CrmHandler::OnAfterDealUpdate
OTUS - 	/var/www/html/bx-site/bitrix/modules/main/tools.php:5260
OTUS - #1: ExecuteModuleEventEx
OTUS - 	/var/www/html/bx-site/bitrix/modules/crm/classes/general/crm_deal.php:3694
OTUS - #2: CAllCrmDeal->Update
OTUS - 	/var/www/html/bx-site/bitrix/components/bitrix/crm.deal.details/ajax.php:1036
OTUS - ----------
OTUS - 
OTUS - OTUS - 2025-10-02 05:32:33 - Host: bx24.vlc.ru - UNCAUGHT_EXCEPTION - [Error] 
OTUS - Class "Events\CIBlockElement" not found (0)
OTUS - /var/www/html/bx-site/local/app/Events/CrmHandler.php:36
OTUS - #0: Events\CrmHandler::OnAfterDealUpdate
OTUS - 	/var/www/html/bx-site/bitrix/modules/main/tools.php:5260
OTUS - #1: ExecuteModuleEventEx
OTUS - 	/var/www/html/bx-site/bitrix/modules/crm/classes/general/crm_deal.php:3694
OTUS - #2: CAllCrmDeal->Update
OTUS - 	/var/www/html/bx-site/bitrix/components/bitrix/crm.deal.details/ajax.php:1036
OTUS - ----------
OTUS - 
OTUS - OTUS - 2025-10-02 05:39:22 - Host: bx24.vlc.ru - UNCAUGHT_EXCEPTION - [Error] 
OTUS - Class "Events\IBlock\CIBlockElement" not found (0)
OTUS - /var/www/html/bx-site/local/app/Events/CrmHandler.php:36
OTUS - #0: Events\CrmHandler::OnAfterDealUpdate
OTUS - 	/var/www/html/bx-site/bitrix/modules/main/tools.php:5260
OTUS - #1: ExecuteModuleEventEx
OTUS - 	/var/www/html/bx-site/bitrix/modules/crm/classes/general/crm_deal.php:3694
OTUS - #2: CAllCrmDeal->Update
OTUS - 	/var/www/html/bx-site/bitrix/components/bitrix/crm.deal.details/ajax.php:1036
OTUS - ----------
OTUS - 
OTUS - OTUS - 2025-10-02 05:40:00 - Host: bx24.vlc.ru - UNCAUGHT_EXCEPTION - [Error] 
OTUS - Class "IBlock\CIBlockElement" not found (0)
OTUS - /var/www/html/bx-site/local/app/Events/CrmHandler.php:36
OTUS - #0: Events\CrmHandler::OnAfterDealUpdate
OTUS - 	/var/www/html/bx-site/bitrix/modules/main/tools.php:5260
OTUS - #1: ExecuteModuleEventEx
OTUS - 	/var/www/html/bx-site/bitrix/modules/crm/classes/general/crm_deal.php:3694
OTUS - #2: CAllCrmDeal->Update
OTUS - 	/var/www/html/bx-site/bitrix/components/bitrix/crm.deal.details/ajax.php:1036
OTUS - ----------
OTUS - 
OTUS - 